<?xml version="1.0" encoding="UTF-8"?>
<!-- Generated by org.testng.reporters.JUnitReportReporter -->
<testsuite skipped="0" hostname="DESKTOP-UDDFKV4" name="com.erostrum.tests.ListUsersTest" tests="2" failures="0" timestamp="27 Apr 2020 20:42:46 GMT" time="4.226" errors="0">
  <testcase name="testUserResponse" time="3.262" classname="com.erostrum.tests.ListUsersTest"/>
  <testcase name="testUsersStatusCode" time="0.964" classname="com.erostrum.tests.ListUsersTest"/>
</testsuite> <!-- com.erostrum.tests.ListUsersTest -->
