<?xml version="1.0" encoding="UTF-8"?>
<!-- Generated by org.testng.reporters.JUnitReportReporter -->
<testsuite skipped="0" hostname="DESKTOP-UDDFKV4" name="com.erostrum.tests.SingleUserTest" tests="1" failures="0" timestamp="27 Apr 2020 20:42:46 GMT" time="2.466" errors="0">
  <testcase name="testSingleUser" time="2.466" classname="com.erostrum.tests.SingleUserTest"/>
</testsuite> <!-- com.erostrum.tests.SingleUserTest -->
